{"uid":"40fc02e066ae90db","name":"Error Validation Test with incorrect Email & Password","fullName":"src/test/java/cucumber/ErrorValidations.feature:11","historyId":"9dc8aaf1dfa018c54c80afe10998271e","time":{"start":1723009239329,"stop":1723009247196,"duration":7867},"status":"failed","statusMessage":"expected [Incorrect email or password.] but found [Incorrect email or passwor.]","statusTrace":"java.lang.AssertionError: expected [Incorrect email or password.] but found [Incorrect email or passwor.]\r\n\tat org.testng.Assert.fail(Assert.java:111)\r\n\tat org.testng.Assert.failNotEquals(Assert.java:1578)\r\n\tat org.testng.Assert.assertEqualsImpl(Assert.java:150)\r\n\tat org.testng.Assert.assertEquals(Assert.java:132)\r\n\tat org.testng.Assert.assertEquals(Assert.java:656)\r\n\tat org.testng.Assert.assertEquals(Assert.java:666)\r\n\tat com.rbhatt.selenium.StepDefinitions.StepDefinitionsImpl.Login_error_message_is_displayed(StepDefinitionsImpl.java:86)\r\n\tat ✽.errorMessage_3 message is displayed(file:///D:/Automation_Framework/SeleniumFramework/src/test/java/cucumber/ErrorValidations.feature:8)\r\n","flaky":false,"newFailed":false,"newBroken":false,"newPassed":false,"retriesCount":0,"retriesStatusChange":false,"beforeStages":[],"testStage":{"status":"failed","statusMessage":"expected [Incorrect email or password.] but found [Incorrect email or passwor.]","statusTrace":"java.lang.AssertionError: expected [Incorrect email or password.] but found [Incorrect email or passwor.]\r\n\tat org.testng.Assert.fail(Assert.java:111)\r\n\tat org.testng.Assert.failNotEquals(Assert.java:1578)\r\n\tat org.testng.Assert.assertEqualsImpl(Assert.java:150)\r\n\tat org.testng.Assert.assertEquals(Assert.java:132)\r\n\tat org.testng.Assert.assertEquals(Assert.java:656)\r\n\tat org.testng.Assert.assertEquals(Assert.java:666)\r\n\tat com.rbhatt.selenium.StepDefinitions.StepDefinitionsImpl.Login_error_message_is_displayed(StepDefinitionsImpl.java:86)\r\n\tat ✽.errorMessage_3 message is displayed(file:///D:/Automation_Framework/SeleniumFramework/src/test/java/cucumber/ErrorValidations.feature:8)\r\n","steps":[{"name":"Given I landed on the Ecommerce Page","time":{"start":1723009239329,"stop":1723009245402,"duration":6073},"status":"passed","steps":[],"attachments":[],"parameters":[],"stepsCount":0,"hasContent":false,"attachmentStep":false,"shouldDisplayMessage":false,"attachmentsCount":0},{"name":"When I Logged in with email email_3 and password password_3","time":{"start":1723009245407,"stop":1723009246120,"duration":713},"status":"passed","steps":[],"attachments":[],"parameters":[],"stepsCount":0,"hasContent":false,"attachmentStep":false,"shouldDisplayMessage":false,"attachmentsCount":0},{"name":"Then errorMessage_3 message is displayed","time":{"start":1723009246121,"stop":1723009246507,"duration":386},"status":"failed","statusMessage":"expected [Incorrect email or password.] but found [Incorrect email or passwor.]","statusTrace":"java.lang.AssertionError: expected [Incorrect email or password.] but found [Incorrect email or passwor.]\r\n\tat org.testng.Assert.fail(Assert.java:111)\r\n\tat org.testng.Assert.failNotEquals(Assert.java:1578)\r\n\tat org.testng.Assert.assertEqualsImpl(Assert.java:150)\r\n\tat org.testng.Assert.assertEquals(Assert.java:132)\r\n\tat org.testng.Assert.assertEquals(Assert.java:656)\r\n\tat org.testng.Assert.assertEquals(Assert.java:666)\r\n\tat com.rbhatt.selenium.StepDefinitions.StepDefinitionsImpl.Login_error_message_is_displayed(StepDefinitionsImpl.java:86)\r\n\tat ✽.errorMessage_3 message is displayed(file:///D:/Automation_Framework/SeleniumFramework/src/test/java/cucumber/ErrorValidations.feature:8)\r\n","steps":[],"attachments":[],"parameters":[],"stepsCount":0,"hasContent":true,"attachmentStep":false,"shouldDisplayMessage":true,"attachmentsCount":0}],"attachments":[],"parameters":[],"stepsCount":3,"hasContent":true,"attachmentStep":false,"shouldDisplayMessage":false,"attachmentsCount":0},"afterStages":[{"name":"cucumber.Hooks.afterScenario(io.cucumber.java.Scenario)","time":{"start":1723009246508,"stop":1723009247190,"duration":682},"status":"passed","steps":[],"attachments":[{"uid":"8c30f4b5b1e4ff9a","name":"Error Validation Test with incorrect Email & Password","source":"8c30f4b5b1e4ff9a.png","type":"image/png","size":43737}],"parameters":[],"stepsCount":0,"hasContent":true,"attachmentStep":false,"shouldDisplayMessage":false,"attachmentsCount":1}],"labels":[{"name":"tag","value":"AllTest"},{"name":"tag","value":"ErrorValidations"},{"name":"host","value":"TRD-LAP-068"},{"name":"thread","value":"8748@TRD-LAP-068.main(1)"},{"name":"feature","value":"Error Validation"},{"name":"story","value":"Error Validation Test with incorrect Email & Password"},{"name":"suite","value":"Error Validation"},{"name":"testClass","value":"Error Validation Test with incorrect Email & Password"},{"name":"framework","value":"cucumber4jvm"},{"name":"language","value":"java"},{"name":"gherkin_uri","value":"file:///D:/Automation_Framework/SeleniumFramework/src/test/java/cucumber/ErrorValidations.feature"},{"name":"package","value":"src.test.java.cucumber.ErrorValidations_feature.Error Validation"},{"name":"resultFormat","value":"allure2"}],"parameters":[{"name":"email","value":"email_3"},{"name":"errorMessage","value":"errorMessage_3"},{"name":"password","value":"password_3"}],"links":[],"hidden":true,"retry":true,"extra":{"categories":[],"tags":["ErrorValidations","AllTest"]},"source":"40fc02e066ae90db.json","parameterValues":["email_3","errorMessage_3","password_3"]}