{"uid":"53d352edf9e10f4a","name":"Error Validation Test with incorrect Email & Password","fullName":"src/test/java/cucumber/ErrorValidations.feature:11","historyId":"9dc8aaf1dfa018c54c80afe10998271e","time":{"start":1723009230533,"stop":1723009236530,"duration":5997},"status":"failed","statusMessage":"expected [Incorrect email or password.] but found [Incorrect email or passwor.]","statusTrace":"java.lang.AssertionError: expected [Incorrect email or password.] but found [Incorrect email or passwor.]\r\n\tat org.testng.Assert.fail(Assert.java:111)\r\n\tat org.testng.Assert.failNotEquals(Assert.java:1578)\r\n\tat org.testng.Assert.assertEqualsImpl(Assert.java:150)\r\n\tat org.testng.Assert.assertEquals(Assert.java:132)\r\n\tat org.testng.Assert.assertEquals(Assert.java:656)\r\n\tat org.testng.Assert.assertEquals(Assert.java:666)\r\n\tat com.rbhatt.selenium.StepDefinitions.StepDefinitionsImpl.Login_error_message_is_displayed(StepDefinitionsImpl.java:86)\r\n\tat ✽.errorMessage_3 message is displayed(file:///D:/Automation_Framework/SeleniumFramework/src/test/java/cucumber/ErrorValidations.feature:8)\r\n","flaky":false,"newFailed":false,"newBroken":false,"newPassed":false,"retriesCount":0,"retriesStatusChange":false,"beforeStages":[],"testStage":{"status":"failed","statusMessage":"expected [Incorrect email or password.] but found [Incorrect email or passwor.]","statusTrace":"java.lang.AssertionError: expected [Incorrect email or password.] but found [Incorrect email or passwor.]\r\n\tat org.testng.Assert.fail(Assert.java:111)\r\n\tat org.testng.Assert.failNotEquals(Assert.java:1578)\r\n\tat org.testng.Assert.assertEqualsImpl(Assert.java:150)\r\n\tat org.testng.Assert.assertEquals(Assert.java:132)\r\n\tat org.testng.Assert.assertEquals(Assert.java:656)\r\n\tat org.testng.Assert.assertEquals(Assert.java:666)\r\n\tat com.rbhatt.selenium.StepDefinitions.StepDefinitionsImpl.Login_error_message_is_displayed(StepDefinitionsImpl.java:86)\r\n\tat ✽.errorMessage_3 message is displayed(file:///D:/Automation_Framework/SeleniumFramework/src/test/java/cucumber/ErrorValidations.feature:8)\r\n","steps":[{"name":"Given I landed on the Ecommerce Page","time":{"start":1723009230545,"stop":1723009234761,"duration":4216},"status":"passed","steps":[],"attachments":[],"parameters":[],"stepsCount":0,"hasContent":false,"attachmentStep":false,"shouldDisplayMessage":false,"attachmentsCount":0},{"name":"When I Logged in with email email_3 and password password_3","time":{"start":1723009234772,"stop":1723009235572,"duration":800},"status":"passed","steps":[],"attachments":[],"parameters":[],"stepsCount":0,"hasContent":false,"attachmentStep":false,"shouldDisplayMessage":false,"attachmentsCount":0},{"name":"Then errorMessage_3 message is displayed","time":{"start":1723009235572,"stop":1723009235839,"duration":267},"status":"failed","statusMessage":"expected [Incorrect email or password.] but found [Incorrect email or passwor.]","statusTrace":"java.lang.AssertionError: expected [Incorrect email or password.] but found [Incorrect email or passwor.]\r\n\tat org.testng.Assert.fail(Assert.java:111)\r\n\tat org.testng.Assert.failNotEquals(Assert.java:1578)\r\n\tat org.testng.Assert.assertEqualsImpl(Assert.java:150)\r\n\tat org.testng.Assert.assertEquals(Assert.java:132)\r\n\tat org.testng.Assert.assertEquals(Assert.java:656)\r\n\tat org.testng.Assert.assertEquals(Assert.java:666)\r\n\tat com.rbhatt.selenium.StepDefinitions.StepDefinitionsImpl.Login_error_message_is_displayed(StepDefinitionsImpl.java:86)\r\n\tat ✽.errorMessage_3 message is displayed(file:///D:/Automation_Framework/SeleniumFramework/src/test/java/cucumber/ErrorValidations.feature:8)\r\n","steps":[],"attachments":[],"parameters":[],"stepsCount":0,"hasContent":true,"attachmentStep":false,"shouldDisplayMessage":true,"attachmentsCount":0}],"attachments":[],"parameters":[],"stepsCount":3,"hasContent":true,"attachmentStep":false,"shouldDisplayMessage":false,"attachmentsCount":0},"afterStages":[{"name":"cucumber.Hooks.afterScenario(io.cucumber.java.Scenario)","time":{"start":1723009235845,"stop":1723009236521,"duration":676},"status":"passed","steps":[],"attachments":[{"uid":"e4b06c26727c51ef","name":"Error Validation Test with incorrect Email & Password","source":"e4b06c26727c51ef.png","type":"image/png","size":44265}],"parameters":[],"stepsCount":0,"hasContent":true,"attachmentStep":false,"shouldDisplayMessage":false,"attachmentsCount":1}],"labels":[{"name":"tag","value":"AllTest"},{"name":"tag","value":"ErrorValidations"},{"name":"host","value":"TRD-LAP-068"},{"name":"thread","value":"17704@TRD-LAP-068.main(1)"},{"name":"feature","value":"Error Validation"},{"name":"story","value":"Error Validation Test with incorrect Email & Password"},{"name":"suite","value":"Error Validation"},{"name":"testClass","value":"Error Validation Test with incorrect Email & Password"},{"name":"framework","value":"cucumber4jvm"},{"name":"language","value":"java"},{"name":"gherkin_uri","value":"file:///D:/Automation_Framework/SeleniumFramework/src/test/java/cucumber/ErrorValidations.feature"},{"name":"package","value":"src.test.java.cucumber.ErrorValidations_feature.Error Validation"},{"name":"resultFormat","value":"allure2"}],"parameters":[{"name":"email","value":"email_3"},{"name":"errorMessage","value":"errorMessage_3"},{"name":"password","value":"password_3"}],"links":[],"hidden":true,"retry":true,"extra":{"categories":[],"tags":["ErrorValidations","AllTest"]},"source":"53d352edf9e10f4a.json","parameterValues":["email_3","errorMessage_3","password_3"]}