{"uid":"a9868d22fb5e977","name":"Error Validation Test with incorrect Email & Password","fullName":"src/test/java/cucumber/ErrorValidations.feature:12","historyId":"2a365fe48a8410851eaee6f4ffdb793","time":{"start":1723007601580,"stop":1723007606904,"duration":5324},"status":"failed","statusMessage":"expected [Incorrect email or password.] but found [Incorrect email or passwor.]","statusTrace":"java.lang.AssertionError: expected [Incorrect email or password.] but found [Incorrect email or passwor.]\r\n\tat org.testng.Assert.fail(Assert.java:111)\r\n\tat org.testng.Assert.failNotEquals(Assert.java:1578)\r\n\tat org.testng.Assert.assertEqualsImpl(Assert.java:150)\r\n\tat org.testng.Assert.assertEquals(Assert.java:132)\r\n\tat org.testng.Assert.assertEquals(Assert.java:656)\r\n\tat org.testng.Assert.assertEquals(Assert.java:666)\r\n\tat com.rbhatt.selenium.StepDefinitions.StepDefinitionsImpl.Login_error_message_is_displayed(StepDefinitionsImpl.java:86)\r\n\tat ✽.errorMessage_4 message is displayed(file:///D:/Automation_Framework/SeleniumFramework/src/test/java/cucumber/ErrorValidations.feature:8)\r\n","flaky":false,"newFailed":false,"newBroken":false,"newPassed":false,"retriesCount":0,"retriesStatusChange":false,"beforeStages":[],"testStage":{"status":"failed","statusMessage":"expected [Incorrect email or password.] but found [Incorrect email or passwor.]","statusTrace":"java.lang.AssertionError: expected [Incorrect email or password.] but found [Incorrect email or passwor.]\r\n\tat org.testng.Assert.fail(Assert.java:111)\r\n\tat org.testng.Assert.failNotEquals(Assert.java:1578)\r\n\tat org.testng.Assert.assertEqualsImpl(Assert.java:150)\r\n\tat org.testng.Assert.assertEquals(Assert.java:132)\r\n\tat org.testng.Assert.assertEquals(Assert.java:656)\r\n\tat org.testng.Assert.assertEquals(Assert.java:666)\r\n\tat com.rbhatt.selenium.StepDefinitions.StepDefinitionsImpl.Login_error_message_is_displayed(StepDefinitionsImpl.java:86)\r\n\tat ✽.errorMessage_4 message is displayed(file:///D:/Automation_Framework/SeleniumFramework/src/test/java/cucumber/ErrorValidations.feature:8)\r\n","steps":[{"name":"Given I landed on the Ecommerce Page","time":{"start":1723007601580,"stop":1723007605323,"duration":3743},"status":"passed","steps":[],"attachments":[],"parameters":[],"stepsCount":0,"hasContent":false,"attachmentStep":false,"shouldDisplayMessage":false,"attachmentsCount":0},{"name":"When I Logged in with email email_4 and password password_4","time":{"start":1723007605323,"stop":1723007606059,"duration":736},"status":"passed","steps":[],"attachments":[],"parameters":[],"stepsCount":0,"hasContent":false,"attachmentStep":false,"shouldDisplayMessage":false,"attachmentsCount":0},{"name":"Then errorMessage_4 message is displayed","time":{"start":1723007606059,"stop":1723007606393,"duration":334},"status":"failed","statusMessage":"expected [Incorrect email or password.] but found [Incorrect email or passwor.]","statusTrace":"java.lang.AssertionError: expected [Incorrect email or password.] but found [Incorrect email or passwor.]\r\n\tat org.testng.Assert.fail(Assert.java:111)\r\n\tat org.testng.Assert.failNotEquals(Assert.java:1578)\r\n\tat org.testng.Assert.assertEqualsImpl(Assert.java:150)\r\n\tat org.testng.Assert.assertEquals(Assert.java:132)\r\n\tat org.testng.Assert.assertEquals(Assert.java:656)\r\n\tat org.testng.Assert.assertEquals(Assert.java:666)\r\n\tat com.rbhatt.selenium.StepDefinitions.StepDefinitionsImpl.Login_error_message_is_displayed(StepDefinitionsImpl.java:86)\r\n\tat ✽.errorMessage_4 message is displayed(file:///D:/Automation_Framework/SeleniumFramework/src/test/java/cucumber/ErrorValidations.feature:8)\r\n","steps":[],"attachments":[],"parameters":[],"stepsCount":0,"hasContent":true,"attachmentStep":false,"shouldDisplayMessage":true,"attachmentsCount":0}],"attachments":[],"parameters":[],"stepsCount":3,"hasContent":true,"attachmentStep":false,"shouldDisplayMessage":false,"attachmentsCount":0},"afterStages":[{"name":"cucumber.Hooks.afterScenario(io.cucumber.java.Scenario)","time":{"start":1723007606393,"stop":1723007606901,"duration":508},"status":"passed","steps":[],"attachments":[{"uid":"53a6bafc2725d05d","name":"Error Validation Test with incorrect Email & Password","source":"53a6bafc2725d05d.png","type":"image/png","size":44175}],"parameters":[],"stepsCount":0,"hasContent":true,"attachmentStep":false,"shouldDisplayMessage":false,"attachmentsCount":1}],"labels":[{"name":"tag","value":"AllTest"},{"name":"tag","value":"ErrorValidations"},{"name":"host","value":"TRD-LAP-068"},{"name":"thread","value":"33400@TRD-LAP-068.main(1)"},{"name":"feature","value":"Error Validation"},{"name":"story","value":"Error Validation Test with incorrect Email & Password"},{"name":"suite","value":"Error Validation"},{"name":"testClass","value":"Error Validation Test with incorrect Email & Password"},{"name":"framework","value":"cucumber4jvm"},{"name":"language","value":"java"},{"name":"gherkin_uri","value":"file:///D:/Automation_Framework/SeleniumFramework/src/test/java/cucumber/ErrorValidations.feature"},{"name":"package","value":"src.test.java.cucumber.ErrorValidations_feature.Error Validation"},{"name":"resultFormat","value":"allure2"}],"parameters":[{"name":"email","value":"email_4"},{"name":"errorMessage","value":"errorMessage_4"},{"name":"password","value":"password_4"}],"links":[],"hidden":true,"retry":true,"extra":{"categories":[],"tags":["ErrorValidations","AllTest"]},"source":"a9868d22fb5e977.json","parameterValues":["email_4","errorMessage_4","password_4"]}